# JRE version: OpenJDK Runtime Environment (11.0.15) (build 11.0.15+0-b2043.56-9505619)
# Java VM: OpenJDK 64-Bit Server VM (11.0.15+0-b2043.56-9505619, mixed mode, tiered, compressed oops, g1 gc, windows-amd64)
Heap:
 garbage-first heap   total 258048K, used 198905K [0x00000000a0000000, 0x0000000100000000)
  region size 1024K, 116 young (118784K), 12 survivors (12288K)
 Metaspace       used 91832K, capacity 94747K, committed 94856K, reserved 1130496K
  class space    used 12067K, capacity 13111K, committed 13184K, reserved 1048576K
GC Heap History (20 events):
Event: 4.660 GC heap before
{Heap before GC invocations=3 (full 0):
 garbage-first heap   total 258048K, used 24571K [0x00000000a0000000, 0x0000000100000000)
  region size 1024K, 14 young (14336K), 6 survivors (6144K)
 Metaspace       used 20700K, capacity 21170K, committed 21296K, reserved 1069056K
  class space    used 2485K, capacity 2661K, committed 2688K, reserved 1048576K
}
Event: 4.664 GC heap after
{Heap after GC invocations=4 (full 0):
 garbage-first heap   total 258048K, used 18061K [0x00000000a0000000, 0x0000000100000000)
  region size 1024K, 4 young (4096K), 4 survivors (4096K)
 Metaspace       used 20700K, capacity 21170K, committed 21296K, reserved 1069056K
  class space    used 2485K, capacity 2661K, committed 2688K, reserved 1048576K
}
Event: 5.384 GC heap before
{Heap before GC invocations=5 (full 0):
 garbage-first heap   total 258048K, used 88717K [0x00000000a0000000, 0x0000000100000000)
  region size 1024K, 73 young (74752K), 4 survivors (4096K)
 Metaspace       used 27633K, capacity 28354K, committed 28720K, reserved 1075200K
  class space    used 3595K, capacity 3853K, committed 3968K, reserved 1048576K
}
Event: 5.388 GC heap after
{Heap after GC invocations=6 (full 0):
 garbage-first heap   total 258048K, used 20161K [0x00000000a0000000, 0x0000000100000000)
  region size 1024K, 6 young (6144K), 6 survivors (6144K)
 Metaspace       used 27633K, capacity 28354K, committed 28720K, reserved 1075200K
  class space    used 3595K, capacity 3853K, committed 3968K, reserved 1048576K
}
Event: 5.991 GC heap before
{Heap before GC invocations=6 (full 0):
 garbage-first heap   total 258048K, used 68289K [0x00000000a0000000, 0x0000000100000000)
  region size 1024K, 54 young (55296K), 6 survivors (6144K)
 Metaspace       used 35036K, capacity 35799K, committed 35920K, reserved 1081344K
  class space    used 4490K, capacity 4825K, committed 4864K, reserved 1048576K
}
Event: 5.997 GC heap after
{Heap after GC invocations=7 (full 0):
 garbage-first heap   total 258048K, used 23000K [0x00000000a0000000, 0x0000000100000000)
  region size 1024K, 9 young (9216K), 9 survivors (9216K)
 Metaspace       used 35036K, capacity 35799K, committed 35920K, reserved 1081344K
  class space    used 4490K, capacity 4825K, committed 4864K, reserved 1048576K
}
Event: 7.574 GC heap before
{Heap before GC invocations=8 (full 0):
 garbage-first heap   total 258048K, used 155096K [0x00000000a0000000, 0x0000000100000000)
  region size 1024K, 135 young (138240K), 9 survivors (9216K)
 Metaspace       used 45419K, capacity 46588K, committed 46800K, reserved 1089536K
  class space    used 5762K, capacity 6171K, committed 6272K, reserved 1048576K
}
Event: 7.586 GC heap after
{Heap after GC invocations=9 (full 0):
 garbage-first heap   total 258048K, used 31430K [0x00000000a0000000, 0x0000000100000000)
  region size 1024K, 17 young (17408K), 17 survivors (17408K)
 Metaspace       used 45419K, capacity 46588K, committed 46800K, reserved 1089536K
  class space    used 5762K, capacity 6171K, committed 6272K, reserved 1048576K
}
Event: 11.561 GC heap before
{Heap before GC invocations=9 (full 0):
 garbage-first heap   total 258048K, used 175814K [0x00000000a0000000, 0x0000000100000000)
  region size 1024K, 151 young (154624K), 17 survivors (17408K)
 Metaspace       used 53997K, capacity 55526K, committed 55760K, reserved 1097728K
  class space    used 6854K, capacity 7440K, committed 7552K, reserved 1048576K
}
Event: 11.596 GC heap after
{Heap after GC invocations=10 (full 0):
 garbage-first heap   total 258048K, used 50052K [0x00000000a0000000, 0x0000000100000000)
  region size 1024K, 19 young (19456K), 19 survivors (19456K)
 Metaspace       used 53997K, capacity 55526K, committed 55760K, reserved 1097728K
  class space    used 6854K, capacity 7440K, committed 7552K, reserved 1048576K
}
Event: 12.623 GC heap before
{Heap before GC invocations=10 (full 0):
 garbage-first heap   total 258048K, used 83844K [0x00000000a0000000, 0x0000000100000000)
  region size 1024K, 53 young (54272K), 19 survivors (19456K)
 Metaspace       used 58607K, capacity 60159K, committed 60296K, reserved 1101824K
  class space    used 7415K, capacity 7998K, committed 8064K, reserved 1048576K
}
Event: 12.661 GC heap after
{Heap after GC invocations=11 (full 0):
 garbage-first heap   total 258048K, used 52634K [0x00000000a0000000, 0x0000000100000000)
  region size 1024K, 3 young (3072K), 3 survivors (3072K)
 Metaspace       used 58607K, capacity 60159K, committed 60296K, reserved 1101824K
  class space    used 7415K, capacity 7998K, committed 8064K, reserved 1048576K
}
Event: 15.859 GC heap before
{Heap before GC invocations=12 (full 0):
 garbage-first heap   total 258048K, used 179610K [0x00000000a0000000, 0x0000000100000000)
  region size 1024K, 127 young (130048K), 3 survivors (3072K)
 Metaspace       used 68058K, capacity 69855K, committed 70024K, reserved 1110016K
  class space    used 8565K, capacity 9224K, committed 9344K, reserved 1048576K
}
Event: 15.879 GC heap after
{Heap after GC invocations=13 (full 0):
 garbage-first heap   total 258048K, used 58531K [0x00000000a0000000, 0x0000000100000000)
  region size 1024K, 9 young (9216K), 9 survivors (9216K)
 Metaspace       used 68058K, capacity 69855K, committed 70024K, reserved 1110016K
  class space    used 8565K, capacity 9224K, committed 9344K, reserved 1048576K
}
Event: 18.484 GC heap before
{Heap before GC invocations=14 (full 0):
 garbage-first heap   total 258048K, used 189603K [0x00000000a0000000, 0x0000000100000000)
  region size 1024K, 135 young (138240K), 9 survivors (9216K)
 Metaspace       used 70691K, capacity 72684K, committed 72712K, reserved 1112064K
  class space    used 8971K, capacity 9720K, committed 9728K, reserved 1048576K
}
Event: 18.507 GC heap after
{Heap after GC invocations=15 (full 0):
 garbage-first heap   total 258048K, used 71020K [0x00000000a0000000, 0x0000000100000000)
  region size 1024K, 17 young (17408K), 17 survivors (17408K)
 Metaspace       used 70691K, capacity 72684K, committed 72712K, reserved 1112064K
  class space    used 8971K, capacity 9720K, committed 9728K, reserved 1048576K
}
Event: 28.741 GC heap before
{Heap before GC invocations=15 (full 0):
 garbage-first heap   total 258048K, used 192876K [0x00000000a0000000, 0x0000000100000000)
  region size 1024K, 136 young (139264K), 17 survivors (17408K)
 Metaspace       used 78796K, capacity 81051K, committed 81416K, reserved 1120256K
  class space    used 10283K, capacity 11138K, committed 11264K, reserved 1048576K
}
Event: 28.768 GC heap after
{Heap after GC invocations=16 (full 0):
 garbage-first heap   total 258048K, used 81195K [0x00000000a0000000, 0x0000000100000000)
  region size 1024K, 11 young (11264K), 11 survivors (11264K)
 Metaspace       used 78796K, capacity 81051K, committed 81416K, reserved 1120256K
  class space    used 10283K, capacity 11138K, committed 11264K, reserved 1048576K
}
Event: 33.627 GC heap before
{Heap before GC invocations=16 (full 0):
 garbage-first heap   total 258048K, used 197931K [0x00000000a0000000, 0x0000000100000000)
  region size 1024K, 125 young (128000K), 11 survivors (11264K)
 Metaspace       used 87282K, capacity 89837K, committed 90120K, reserved 1126400K
  class space    used 11468K, capacity 12422K, committed 12544K, reserved 1048576K
}
Event: 33.639 GC heap after
{Heap after GC invocations=17 (full 0):
 garbage-first heap   total 258048K, used 93433K [0x00000000a0000000, 0x0000000100000000)
  region size 1024K, 12 young (12288K), 12 survivors (12288K)
 Metaspace       used 87282K, capacity 89837K, committed 90120K, reserved 1126400K
  class space    used 11468K, capacity 12422K, committed 12544K, reserved 1048576K
}

